<?xml version="1.0" encoding="UTF-8"?>
<testng-results total="1" passed="1" failed="0" skipped="0">
  <reporter-output>
  </reporter-output>
  <suite started-at="2024-02-04T10:44:58Z" name="Default suite" finished-at="2024-02-04T10:45:13Z" duration-ms="14749">
    <groups>
    </groups>
    <test started-at="2024-02-04T10:44:58Z" name="Default test" finished-at="2024-02-04T10:45:13Z" duration-ms="14749">
      <class name="api.RestApi">
        <test-method signature="EndtoEnd()[pri:0, instance:api.RestApi@3148f668]" started-at="2024-02-04T16:14:58Z" name="EndtoEnd" finished-at="2024-02-04T16:15:13Z" duration-ms="14693" status="PASS">
          <reporter-output>
          </reporter-output>
        </test-method> <!-- EndtoEnd -->
      </class> <!-- api.RestApi -->
    </test> <!-- Default test -->
  </suite> <!-- Default suite -->
</testng-results>
